<?xml version="1.0" encoding="UTF-8"?>
<!-- Generated by org.testng.reporters.JUnitXMLReporter -->
<testsuite ignored="0" hostname="Helal-Khan-Sohel" failures="1" tests="1" name="Purchase Product" time="68.259" errors="0" timestamp="2023-04-25T21:06:18 BDT">
  <testcase classname="TestRunner.ProductPurchaseTestRunner" name="selectMyProduct" time="61.569">
    <failure type="java.lang.IndexOutOfBoundsException" message="Index 2 out of bounds for length 0">
      <![CDATA[java.lang.IndexOutOfBoundsException: Index 2 out of bounds for length 0
at java.base/jdk.internal.util.Preconditions.outOfBounds(Preconditions.java:64)
at java.base/jdk.internal.util.Preconditions.outOfBoundsCheckIndex(Preconditions.java:70)
at java.base/jdk.internal.util.Preconditions.checkIndex(Preconditions.java:266)
at java.base/java.util.Objects.checkIndex(Objects.java:359)
at java.base/java.util.ArrayList.get(ArrayList.java:427)
at org.openqa.selenium.support.pagefactory.internal.LocatingElementListHandler.invoke(LocatingElementListHandler.java:40)
at jdk.proxy2/jdk.proxy2.$Proxy17.get(Unknown Source)
at Pages.ProductPurchase.Click_View_Card(ProductPurchase.java:62)
at TestRunner.ProductPurchaseTestRunner.selectMyProduct(ProductPurchaseTestRunner.java:20)
at java.base/java.util.ArrayList.forEach(ArrayList.java:1511)
... Removed 34 stack frames]]>
    </failure>
  </testcase> <!-- selectMyProduct -->
</testsuite> <!-- Purchase Product -->
